ðŸš€ Starting Web App Quality Test...
   Mode: MOCKED TestClient
   Sending request via TestClient...
INFO:app.main:[Middleware] Processing POST /api/v1/chat
INFO:app.main:[Middleware] Auth Header Present. Length: 16
INFO:app.main:[Middleware] Token Prefix Valid. Sample: Bearer dev-toke...
INFO:app.api.v1.chat:Dev mode: using dev-token
DEBUG: session_id type=<class 'NoneType'> value='None'
INFO:app.api.v1.chat:Created new chat session: None
  + Exception Group Traceback (most recent call last):
  |   File "/home/juan/.pyenv/versions/3.11.13/lib/python3.11/site-packages/starlette/_utils.py", line 79, in collapse_excgroups
  |     yield
  |   File "/home/juan/.pyenv/versions/3.11.13/lib/python3.11/site-packages/starlette/middleware/base.py", line 192, in __call__
  |     async with anyio.create_task_group() as task_group:
  |   File "/home/juan/.pyenv/versions/3.11.13/lib/python3.11/site-packages/anyio/_backends/_asyncio.py", line 781, in __aexit__
  |     raise BaseExceptionGroup(
  | ExceptionGroup: unhandled errors in a TaskGroup (1 sub-exception)
  +-+---------------- 1 ----------------
    | Traceback (most recent call last):
    |   File "/media/juan/DATA/Vertice-Code/vertice-chat-webapp/backend/tests/e2e/measure_webapp_quality.py", line 196, in <module>
    |     asyncio.run(run_quality_test())
    |   File "/home/juan/.pyenv/versions/3.11.13/lib/python3.11/asyncio/runners.py", line 190, in run
    |     return runner.run(main)
    |            ^^^^^^^^^^^^^^^^
    |   File "/home/juan/.pyenv/versions/3.11.13/lib/python3.11/asyncio/runners.py", line 118, in run
    |     return self._loop.run_until_complete(task)
    |            ^^^^^^^^^^^^^^^^^^^^^^^^^^^^^^^^^^^
    |   File "/home/juan/.pyenv/versions/3.11.13/lib/python3.11/asyncio/base_events.py", line 654, in run_until_complete
    |     return future.result()
    |            ^^^^^^^^^^^^^^^
    |   File "/media/juan/DATA/Vertice-Code/vertice-chat-webapp/backend/tests/e2e/measure_webapp_quality.py", line 133, in run_quality_test
    |     response = client.post(
    |                ^^^^^^^^^^^^
    |   File "/home/juan/.pyenv/versions/3.11.13/lib/python3.11/site-packages/starlette/testclient.py", line 552, in post
    |     return super().post(
    |            ^^^^^^^^^^^^^
    |   File "/home/juan/.pyenv/versions/3.11.13/lib/python3.11/site-packages/httpx/_client.py", line 1157, in post
    |     return self.request(
    |            ^^^^^^^^^^^^^
    |   File "/home/juan/.pyenv/versions/3.11.13/lib/python3.11/site-packages/starlette/testclient.py", line 451, in request
    |     return super().request(
    |            ^^^^^^^^^^^^^^^^
    |   File "/home/juan/.pyenv/versions/3.11.13/lib/python3.11/site-packages/httpx/_client.py", line 837, in request
    |     return self.send(request, auth=auth, follow_redirects=follow_redirects)
    |            ^^^^^^^^^^^^^^^^^^^^^^^^^^^^^^^^^^^^^^^^^^^^^^^^^^^^^^^^^^^^^^^^
    |   File "/home/juan/.pyenv/versions/3.11.13/lib/python3.11/site-packages/httpx/_client.py", line 926, in send
    |     response = self._send_handling_auth(
    |                ^^^^^^^^^^^^^^^^^^^^^^^^^
    |   File "/home/juan/.pyenv/versions/3.11.13/lib/python3.11/site-packages/httpx/_client.py", line 954, in _send_handling_auth
    |     response = self._send_handling_redirects(
    |                ^^^^^^^^^^^^^^^^^^^^^^^^^^^^^^
    |   File "/home/juan/.pyenv/versions/3.11.13/lib/python3.11/site-packages/httpx/_client.py", line 991, in _send_handling_redirects
    |     response = self._send_single_request(request)
    |                ^^^^^^^^^^^^^^^^^^^^^^^^^^^^^^^^^^
    |   File "/home/juan/.pyenv/versions/3.11.13/lib/python3.11/site-packages/httpx/_client.py", line 1027, in _send_single_request
    |     response = transport.handle_request(request)
    |                ^^^^^^^^^^^^^^^^^^^^^^^^^^^^^^^^^
    |   File "/home/juan/.pyenv/versions/3.11.13/lib/python3.11/site-packages/starlette/testclient.py", line 354, in handle_request
    |     raise exc
    |   File "/home/juan/.pyenv/versions/3.11.13/lib/python3.11/site-packages/starlette/testclient.py", line 351, in handle_request
    |     portal.call(self.app, scope, receive, send)
    |   File "/home/juan/.pyenv/versions/3.11.13/lib/python3.11/site-packages/anyio/from_thread.py", line 321, in call
    |     return cast(T_Retval, self.start_task_soon(func, *args).result())
    |                           ^^^^^^^^^^^^^^^^^^^^^^^^^^^^^^^^^^^^^^^^^^
    |   File "/home/juan/.pyenv/versions/3.11.13/lib/python3.11/concurrent/futures/_base.py", line 456, in result
    |     return self.__get_result()
    |            ^^^^^^^^^^^^^^^^^^^
    |   File "/home/juan/.pyenv/versions/3.11.13/lib/python3.11/concurrent/futures/_base.py", line 401, in __get_result
    |     raise self._exception
    |   File "/home/juan/.pyenv/versions/3.11.13/lib/python3.11/site-packages/anyio/from_thread.py", line 252, in _call_func
    |     retval = await retval_or_awaitable
    |              ^^^^^^^^^^^^^^^^^^^^^^^^^
    |   File "/home/juan/.pyenv/versions/3.11.13/lib/python3.11/site-packages/fastapi/applications.py", line 1134, in __call__
    |     await super().__call__(scope, receive, send)
    |   File "/home/juan/.pyenv/versions/3.11.13/lib/python3.11/site-packages/starlette/applications.py", line 113, in __call__
    |     await self.middleware_stack(scope, receive, send)
    |   File "/home/juan/.pyenv/versions/3.11.13/lib/python3.11/site-packages/starlette/middleware/errors.py", line 186, in __call__
    |     raise exc
    |   File "/home/juan/.pyenv/versions/3.11.13/lib/python3.11/site-packages/starlette/middleware/errors.py", line 164, in __call__
    |     await self.app(scope, receive, _send)
    |   File "/home/juan/.pyenv/versions/3.11.13/lib/python3.11/site-packages/starlette/middleware/base.py", line 191, in __call__
    |     with recv_stream, send_stream, collapse_excgroups():
    |   File "/home/juan/.pyenv/versions/3.11.13/lib/python3.11/contextlib.py", line 158, in __exit__
    |     self.gen.throw(typ, value, traceback)
    |   File "/home/juan/.pyenv/versions/3.11.13/lib/python3.11/site-packages/starlette/_utils.py", line 85, in collapse_excgroups
    |     raise exc
    |   File "/home/juan/.pyenv/versions/3.11.13/lib/python3.11/site-packages/starlette/middleware/base.py", line 193, in __call__
    |     response = await self.dispatch_func(request, call_next)
    |                ^^^^^^^^^^^^^^^^^^^^^^^^^^^^^^^^^^^^^^^^^^^^
    |   File "/media/juan/DATA/Vertice-Code/vertice-chat-webapp/backend/app/main.py", line 257, in add_request_id
    |     response = await call_next(request)
    |                ^^^^^^^^^^^^^^^^^^^^^^^^
    |   File "/home/juan/.pyenv/versions/3.11.13/lib/python3.11/site-packages/starlette/middleware/base.py", line 168, in call_next
    |     raise app_exc from app_exc.__cause__ or app_exc.__context__
    |   File "/home/juan/.pyenv/versions/3.11.13/lib/python3.11/site-packages/starlette/middleware/base.py", line 144, in coro
    |     await self.app(scope, receive_or_disconnect, send_no_error)
    |   File "/home/juan/.pyenv/versions/3.11.13/lib/python3.11/site-packages/starlette/middleware/base.py", line 191, in __call__
    |     with recv_stream, send_stream, collapse_excgroups():
    |   File "/home/juan/.pyenv/versions/3.11.13/lib/python3.11/contextlib.py", line 158, in __exit__
    |     self.gen.throw(typ, value, traceback)
    |   File "/home/juan/.pyenv/versions/3.11.13/lib/python3.11/site-packages/starlette/_utils.py", line 85, in collapse_excgroups
    |     raise exc
    |   File "/home/juan/.pyenv/versions/3.11.13/lib/python3.11/site-packages/starlette/middleware/base.py", line 193, in __call__
    |     response = await self.dispatch_func(request, call_next)
    |                ^^^^^^^^^^^^^^^^^^^^^^^^^^^^^^^^^^^^^^^^^^^^
    |   File "/media/juan/DATA/Vertice-Code/vertice-chat-webapp/backend/app/main.py", line 242, in authentication_middleware
    |     response = await call_next(request)
    |                ^^^^^^^^^^^^^^^^^^^^^^^^
    |   File "/home/juan/.pyenv/versions/3.11.13/lib/python3.11/site-packages/starlette/middleware/base.py", line 168, in call_next
    |     raise app_exc from app_exc.__cause__ or app_exc.__context__
    |   File "/home/juan/.pyenv/versions/3.11.13/lib/python3.11/site-packages/starlette/middleware/base.py", line 144, in coro
    |     await self.app(scope, receive_or_disconnect, send_no_error)
    |   File "/home/juan/.pyenv/versions/3.11.13/lib/python3.11/site-packages/starlette/middleware/base.py", line 191, in __call__
    |     with recv_stream, send_stream, collapse_excgroups():
    |   File "/home/juan/.pyenv/versions/3.11.13/lib/python3.11/contextlib.py", line 158, in __exit__
    |     self.gen.throw(typ, value, traceback)
    |   File "/home/juan/.pyenv/versions/3.11.13/lib/python3.11/site-packages/starlette/_utils.py", line 85, in collapse_excgroups
    |     raise exc
    |   File "/home/juan/.pyenv/versions/3.11.13/lib/python3.11/site-packages/starlette/middleware/base.py", line 193, in __call__
    |     response = await self.dispatch_func(request, call_next)
    |                ^^^^^^^^^^^^^^^^^^^^^^^^^^^^^^^^^^^^^^^^^^^^
    |   File "/media/juan/DATA/Vertice-Code/vertice-chat-webapp/backend/app/main.py", line 106, in dispatch
    |     response = await call_next(request)
    |                ^^^^^^^^^^^^^^^^^^^^^^^^
    |   File "/home/juan/.pyenv/versions/3.11.13/lib/python3.11/site-packages/starlette/middleware/base.py", line 168, in call_next
    |     raise app_exc from app_exc.__cause__ or app_exc.__context__
    |   File "/home/juan/.pyenv/versions/3.11.13/lib/python3.11/site-packages/starlette/middleware/base.py", line 144, in coro
    |     await self.app(scope, receive_or_disconnect, send_no_error)
    |   File "/home/juan/.pyenv/versions/3.11.13/lib/python3.11/site-packages/starlette/middleware/base.py", line 191, in __call__
    |     with recv_stream, send_stream, collapse_excgroups():
    |   File "/home/juan/.pyenv/versions/3.11.13/lib/python3.11/contextlib.py", line 158, in __exit__
    |     self.gen.throw(typ, value, traceback)
    |   File "/home/juan/.pyenv/versions/3.11.13/lib/python3.11/site-packages/starlette/_utils.py", line 85, in collapse_excgroups
    |     raise exc
    |   File "/home/juan/.pyenv/versions/3.11.13/lib/python3.11/site-packages/starlette/middleware/base.py", line 193, in __call__
    |     response = await self.dispatch_func(request, call_next)
    |                ^^^^^^^^^^^^^^^^^^^^^^^^^^^^^^^^^^^^^^^^^^^^
    |   File "/media/juan/DATA/Vertice-Code/vertice-chat-webapp/backend/app/main.py", line 46, in dispatch
    |     response = await call_next(request)
    |                ^^^^^^^^^^^^^^^^^^^^^^^^
    |   File "/home/juan/.pyenv/versions/3.11.13/lib/python3.11/site-packages/starlette/middleware/base.py", line 168, in call_next
    |     raise app_exc from app_exc.__cause__ or app_exc.__context__
    |   File "/home/juan/.pyenv/versions/3.11.13/lib/python3.11/site-packages/starlette/middleware/base.py", line 144, in coro
    |     await self.app(scope, receive_or_disconnect, send_no_error)
    |   File "/home/juan/.pyenv/versions/3.11.13/lib/python3.11/site-packages/starlette/middleware/gzip.py", line 29, in __call__
    |     await responder(scope, receive, send)
    |   File "/home/juan/.pyenv/versions/3.11.13/lib/python3.11/site-packages/starlette/middleware/gzip.py", line 130, in __call__
    |     await super().__call__(scope, receive, send)
    |   File "/home/juan/.pyenv/versions/3.11.13/lib/python3.11/site-packages/starlette/middleware/gzip.py", line 46, in __call__
    |     await self.app(scope, receive, self.send_with_compression)
    |   File "/home/juan/.pyenv/versions/3.11.13/lib/python3.11/site-packages/starlette/middleware/cors.py", line 85, in __call__
    |     await self.app(scope, receive, send)
    |   File "/home/juan/.pyenv/versions/3.11.13/lib/python3.11/site-packages/starlette/middleware/exceptions.py", line 63, in __call__
    |     await wrap_app_handling_exceptions(self.app, conn)(scope, receive, send)
    |   File "/home/juan/.pyenv/versions/3.11.13/lib/python3.11/site-packages/starlette/_exception_handler.py", line 53, in wrapped_app
    |     raise exc
    |   File "/home/juan/.pyenv/versions/3.11.13/lib/python3.11/site-packages/starlette/_exception_handler.py", line 42, in wrapped_app
    |     await app(scope, receive, sender)
    |   File "/home/juan/.pyenv/versions/3.11.13/lib/python3.11/site-packages/fastapi/middleware/asyncexitstack.py", line 18, in __call__
    |     await self.app(scope, receive, send)
    |   File "/home/juan/.pyenv/versions/3.11.13/lib/python3.11/site-packages/starlette/routing.py", line 716, in __call__
    |     await self.middleware_stack(scope, receive, send)
    |   File "/home/juan/.pyenv/versions/3.11.13/lib/python3.11/site-packages/starlette/routing.py", line 736, in app
    |     await route.handle(scope, receive, send)
    |   File "/home/juan/.pyenv/versions/3.11.13/lib/python3.11/site-packages/starlette/routing.py", line 290, in handle
    |     await self.app(scope, receive, send)
    |   File "/home/juan/.pyenv/versions/3.11.13/lib/python3.11/site-packages/fastapi/routing.py", line 125, in app
    |     await wrap_app_handling_exceptions(app, request)(scope, receive, send)
    |   File "/home/juan/.pyenv/versions/3.11.13/lib/python3.11/site-packages/starlette/_exception_handler.py", line 53, in wrapped_app
    |     raise exc
    |   File "/home/juan/.pyenv/versions/3.11.13/lib/python3.11/site-packages/starlette/_exception_handler.py", line 42, in wrapped_app
    |     await app(scope, receive, sender)
    |   File "/home/juan/.pyenv/versions/3.11.13/lib/python3.11/site-packages/fastapi/routing.py", line 111, in app
    |     response = await f(request)
    |                ^^^^^^^^^^^^^^^^
    |   File "/home/juan/.pyenv/versions/3.11.13/lib/python3.11/site-packages/fastapi/routing.py", line 391, in app
    |     raw_response = await run_endpoint_function(
    |                    ^^^^^^^^^^^^^^^^^^^^^^^^^^^^
    |   File "/home/juan/.pyenv/versions/3.11.13/lib/python3.11/site-packages/fastapi/routing.py", line 290, in run_endpoint_function
    |     return await dependant.call(**values)
    |            ^^^^^^^^^^^^^^^^^^^^^^^^^^^^^^
    |   File "/media/juan/DATA/Vertice-Code/vertice-chat-webapp/backend/app/api/v1/chat.py", line 308, in chat_endpoint
    |     session_id=uuid.UUID(session_id),
    |                ^^^^^^^^^^^^^^^^^^^^^
    |   File "/home/juan/.pyenv/versions/3.11.13/lib/python3.11/uuid.py", line 178, in __init__
    |     raise ValueError('badly formed hexadecimal UUID string')
    | ValueError: badly formed hexadecimal UUID string
    +------------------------------------

The above exception was the direct cause of the following exception:

Traceback (most recent call last):
  File "/media/juan/DATA/Vertice-Code/vertice-chat-webapp/backend/tests/e2e/measure_webapp_quality.py", line 196, in <module>
    asyncio.run(run_quality_test())
  File "/home/juan/.pyenv/versions/3.11.13/lib/python3.11/asyncio/runners.py", line 190, in run
    return runner.run(main)
           ^^^^^^^^^^^^^^^^
  File "/home/juan/.pyenv/versions/3.11.13/lib/python3.11/asyncio/runners.py", line 118, in run
    return self._loop.run_until_complete(task)
           ^^^^^^^^^^^^^^^^^^^^^^^^^^^^^^^^^^^
  File "/home/juan/.pyenv/versions/3.11.13/lib/python3.11/asyncio/base_events.py", line 654, in run_until_complete
    return future.result()
           ^^^^^^^^^^^^^^^
  File "/media/juan/DATA/Vertice-Code/vertice-chat-webapp/backend/tests/e2e/measure_webapp_quality.py", line 133, in run_quality_test
    response = client.post(
               ^^^^^^^^^^^^
  File "/home/juan/.pyenv/versions/3.11.13/lib/python3.11/site-packages/starlette/testclient.py", line 552, in post
    return super().post(
           ^^^^^^^^^^^^^
  File "/home/juan/.pyenv/versions/3.11.13/lib/python3.11/site-packages/httpx/_client.py", line 1157, in post
    return self.request(
           ^^^^^^^^^^^^^
  File "/home/juan/.pyenv/versions/3.11.13/lib/python3.11/site-packages/starlette/testclient.py", line 451, in request
    return super().request(
           ^^^^^^^^^^^^^^^^
  File "/home/juan/.pyenv/versions/3.11.13/lib/python3.11/site-packages/httpx/_client.py", line 837, in request
    return self.send(request, auth=auth, follow_redirects=follow_redirects)
           ^^^^^^^^^^^^^^^^^^^^^^^^^^^^^^^^^^^^^^^^^^^^^^^^^^^^^^^^^^^^^^^^
  File "/home/juan/.pyenv/versions/3.11.13/lib/python3.11/site-packages/httpx/_client.py", line 926, in send
    response = self._send_handling_auth(
               ^^^^^^^^^^^^^^^^^^^^^^^^^
  File "/home/juan/.pyenv/versions/3.11.13/lib/python3.11/site-packages/httpx/_client.py", line 954, in _send_handling_auth
    response = self._send_handling_redirects(
               ^^^^^^^^^^^^^^^^^^^^^^^^^^^^^^
  File "/home/juan/.pyenv/versions/3.11.13/lib/python3.11/site-packages/httpx/_client.py", line 991, in _send_handling_redirects
    response = self._send_single_request(request)
               ^^^^^^^^^^^^^^^^^^^^^^^^^^^^^^^^^^
  File "/home/juan/.pyenv/versions/3.11.13/lib/python3.11/site-packages/httpx/_client.py", line 1027, in _send_single_request
    response = transport.handle_request(request)
               ^^^^^^^^^^^^^^^^^^^^^^^^^^^^^^^^^
  File "/home/juan/.pyenv/versions/3.11.13/lib/python3.11/site-packages/starlette/testclient.py", line 354, in handle_request
    raise exc
  File "/home/juan/.pyenv/versions/3.11.13/lib/python3.11/site-packages/starlette/testclient.py", line 351, in handle_request
    portal.call(self.app, scope, receive, send)
  File "/home/juan/.pyenv/versions/3.11.13/lib/python3.11/site-packages/anyio/from_thread.py", line 321, in call
    return cast(T_Retval, self.start_task_soon(func, *args).result())
                          ^^^^^^^^^^^^^^^^^^^^^^^^^^^^^^^^^^^^^^^^^^
  File "/home/juan/.pyenv/versions/3.11.13/lib/python3.11/concurrent/futures/_base.py", line 456, in result
    return self.__get_result()
           ^^^^^^^^^^^^^^^^^^^
  File "/home/juan/.pyenv/versions/3.11.13/lib/python3.11/concurrent/futures/_base.py", line 401, in __get_result
    raise self._exception
  File "/home/juan/.pyenv/versions/3.11.13/lib/python3.11/site-packages/anyio/from_thread.py", line 252, in _call_func
    retval = await retval_or_awaitable
             ^^^^^^^^^^^^^^^^^^^^^^^^^
  File "/home/juan/.pyenv/versions/3.11.13/lib/python3.11/site-packages/fastapi/applications.py", line 1134, in __call__
    await super().__call__(scope, receive, send)
  File "/home/juan/.pyenv/versions/3.11.13/lib/python3.11/site-packages/starlette/applications.py", line 113, in __call__
    await self.middleware_stack(scope, receive, send)
  File "/home/juan/.pyenv/versions/3.11.13/lib/python3.11/site-packages/starlette/middleware/errors.py", line 186, in __call__
    raise exc
  File "/home/juan/.pyenv/versions/3.11.13/lib/python3.11/site-packages/starlette/middleware/errors.py", line 164, in __call__
    await self.app(scope, receive, _send)
  File "/home/juan/.pyenv/versions/3.11.13/lib/python3.11/site-packages/starlette/middleware/base.py", line 191, in __call__
    with recv_stream, send_stream, collapse_excgroups():
  File "/home/juan/.pyenv/versions/3.11.13/lib/python3.11/contextlib.py", line 158, in __exit__
    self.gen.throw(typ, value, traceback)
  File "/home/juan/.pyenv/versions/3.11.13/lib/python3.11/site-packages/starlette/_utils.py", line 85, in collapse_excgroups
    raise exc
  File "/home/juan/.pyenv/versions/3.11.13/lib/python3.11/site-packages/starlette/middleware/base.py", line 193, in __call__
    response = await self.dispatch_func(request, call_next)
               ^^^^^^^^^^^^^^^^^^^^^^^^^^^^^^^^^^^^^^^^^^^^
  File "/media/juan/DATA/Vertice-Code/vertice-chat-webapp/backend/app/main.py", line 257, in add_request_id
    response = await call_next(request)
               ^^^^^^^^^^^^^^^^^^^^^^^^
  File "/home/juan/.pyenv/versions/3.11.13/lib/python3.11/site-packages/starlette/middleware/base.py", line 168, in call_next
    raise app_exc from app_exc.__cause__ or app_exc.__context__
  File "/home/juan/.pyenv/versions/3.11.13/lib/python3.11/site-packages/starlette/middleware/base.py", line 144, in coro
    await self.app(scope, receive_or_disconnect, send_no_error)
  File "/home/juan/.pyenv/versions/3.11.13/lib/python3.11/site-packages/starlette/middleware/base.py", line 191, in __call__
    with recv_stream, send_stream, collapse_excgroups():
  File "/home/juan/.pyenv/versions/3.11.13/lib/python3.11/contextlib.py", line 158, in __exit__
    self.gen.throw(typ, value, traceback)
  File "/home/juan/.pyenv/versions/3.11.13/lib/python3.11/site-packages/starlette/_utils.py", line 85, in collapse_excgroups
    raise exc
  File "/home/juan/.pyenv/versions/3.11.13/lib/python3.11/site-packages/starlette/middleware/base.py", line 193, in __call__
    response = await self.dispatch_func(request, call_next)
               ^^^^^^^^^^^^^^^^^^^^^^^^^^^^^^^^^^^^^^^^^^^^
  File "/media/juan/DATA/Vertice-Code/vertice-chat-webapp/backend/app/main.py", line 242, in authentication_middleware
    response = await call_next(request)
               ^^^^^^^^^^^^^^^^^^^^^^^^
  File "/home/juan/.pyenv/versions/3.11.13/lib/python3.11/site-packages/starlette/middleware/base.py", line 168, in call_next
    raise app_exc from app_exc.__cause__ or app_exc.__context__
  File "/home/juan/.pyenv/versions/3.11.13/lib/python3.11/site-packages/starlette/middleware/base.py", line 144, in coro
    await self.app(scope, receive_or_disconnect, send_no_error)
  File "/home/juan/.pyenv/versions/3.11.13/lib/python3.11/site-packages/starlette/middleware/base.py", line 191, in __call__
    with recv_stream, send_stream, collapse_excgroups():
  File "/home/juan/.pyenv/versions/3.11.13/lib/python3.11/contextlib.py", line 158, in __exit__
    self.gen.throw(typ, value, traceback)
  File "/home/juan/.pyenv/versions/3.11.13/lib/python3.11/site-packages/starlette/_utils.py", line 85, in collapse_excgroups
    raise exc
  File "/home/juan/.pyenv/versions/3.11.13/lib/python3.11/site-packages/starlette/middleware/base.py", line 193, in __call__
    response = await self.dispatch_func(request, call_next)
               ^^^^^^^^^^^^^^^^^^^^^^^^^^^^^^^^^^^^^^^^^^^^
  File "/media/juan/DATA/Vertice-Code/vertice-chat-webapp/backend/app/main.py", line 106, in dispatch
    response = await call_next(request)
               ^^^^^^^^^^^^^^^^^^^^^^^^
  File "/home/juan/.pyenv/versions/3.11.13/lib/python3.11/site-packages/starlette/middleware/base.py", line 168, in call_next
    raise app_exc from app_exc.__cause__ or app_exc.__context__
  File "/home/juan/.pyenv/versions/3.11.13/lib/python3.11/site-packages/starlette/middleware/base.py", line 144, in coro
    await self.app(scope, receive_or_disconnect, send_no_error)
  File "/home/juan/.pyenv/versions/3.11.13/lib/python3.11/site-packages/starlette/middleware/base.py", line 191, in __call__
    with recv_stream, send_stream, collapse_excgroups():
  File "/home/juan/.pyenv/versions/3.11.13/lib/python3.11/contextlib.py", line 158, in __exit__
    self.gen.throw(typ, value, traceback)
  File "/home/juan/.pyenv/versions/3.11.13/lib/python3.11/site-packages/starlette/_utils.py", line 85, in collapse_excgroups
    raise exc
  File "/home/juan/.pyenv/versions/3.11.13/lib/python3.11/site-packages/starlette/middleware/base.py", line 193, in __call__
    response = await self.dispatch_func(request, call_next)
               ^^^^^^^^^^^^^^^^^^^^^^^^^^^^^^^^^^^^^^^^^^^^
  File "/media/juan/DATA/Vertice-Code/vertice-chat-webapp/backend/app/main.py", line 46, in dispatch
    response = await call_next(request)
               ^^^^^^^^^^^^^^^^^^^^^^^^
  File "/home/juan/.pyenv/versions/3.11.13/lib/python3.11/site-packages/starlette/middleware/base.py", line 168, in call_next
    raise app_exc from app_exc.__cause__ or app_exc.__context__
  File "/home/juan/.pyenv/versions/3.11.13/lib/python3.11/site-packages/starlette/middleware/base.py", line 144, in coro
    await self.app(scope, receive_or_disconnect, send_no_error)
  File "/home/juan/.pyenv/versions/3.11.13/lib/python3.11/site-packages/starlette/middleware/gzip.py", line 29, in __call__
    await responder(scope, receive, send)
  File "/home/juan/.pyenv/versions/3.11.13/lib/python3.11/site-packages/starlette/middleware/gzip.py", line 130, in __call__
    await super().__call__(scope, receive, send)
  File "/home/juan/.pyenv/versions/3.11.13/lib/python3.11/site-packages/starlette/middleware/gzip.py", line 46, in __call__
    await self.app(scope, receive, self.send_with_compression)
  File "/home/juan/.pyenv/versions/3.11.13/lib/python3.11/site-packages/starlette/middleware/cors.py", line 85, in __call__
    await self.app(scope, receive, send)
  File "/home/juan/.pyenv/versions/3.11.13/lib/python3.11/site-packages/starlette/middleware/exceptions.py", line 63, in __call__
    await wrap_app_handling_exceptions(self.app, conn)(scope, receive, send)
  File "/home/juan/.pyenv/versions/3.11.13/lib/python3.11/site-packages/starlette/_exception_handler.py", line 53, in wrapped_app
    raise exc
  File "/home/juan/.pyenv/versions/3.11.13/lib/python3.11/site-packages/starlette/_exception_handler.py", line 42, in wrapped_app
    await app(scope, receive, sender)
  File "/home/juan/.pyenv/versions/3.11.13/lib/python3.11/site-packages/fastapi/middleware/asyncexitstack.py", line 18, in __call__
    await self.app(scope, receive, send)
  File "/home/juan/.pyenv/versions/3.11.13/lib/python3.11/site-packages/starlette/routing.py", line 716, in __call__
    await self.middleware_stack(scope, receive, send)
  File "/home/juan/.pyenv/versions/3.11.13/lib/python3.11/site-packages/starlette/routing.py", line 736, in app
    await route.handle(scope, receive, send)
  File "/home/juan/.pyenv/versions/3.11.13/lib/python3.11/site-packages/starlette/routing.py", line 290, in handle
    await self.app(scope, receive, send)
  File "/home/juan/.pyenv/versions/3.11.13/lib/python3.11/site-packages/fastapi/routing.py", line 125, in app
    await wrap_app_handling_exceptions(app, request)(scope, receive, send)
  File "/home/juan/.pyenv/versions/3.11.13/lib/python3.11/site-packages/starlette/_exception_handler.py", line 53, in wrapped_app
    raise exc
  File "/home/juan/.pyenv/versions/3.11.13/lib/python3.11/site-packages/starlette/_exception_handler.py", line 42, in wrapped_app
    await app(scope, receive, sender)
  File "/home/juan/.pyenv/versions/3.11.13/lib/python3.11/site-packages/fastapi/routing.py", line 111, in app
    response = await f(request)
               ^^^^^^^^^^^^^^^^
  File "/home/juan/.pyenv/versions/3.11.13/lib/python3.11/site-packages/fastapi/routing.py", line 391, in app
    raw_response = await run_endpoint_function(
                   ^^^^^^^^^^^^^^^^^^^^^^^^^^^^
  File "/home/juan/.pyenv/versions/3.11.13/lib/python3.11/site-packages/fastapi/routing.py", line 290, in run_endpoint_function
    return await dependant.call(**values)
           ^^^^^^^^^^^^^^^^^^^^^^^^^^^^^^
  File "/media/juan/DATA/Vertice-Code/vertice-chat-webapp/backend/app/api/v1/chat.py", line 308, in chat_endpoint
    session_id=uuid.UUID(session_id),
               ^^^^^^^^^^^^^^^^^^^^^
  File "/home/juan/.pyenv/versions/3.11.13/lib/python3.11/uuid.py", line 178, in __init__
    raise ValueError('badly formed hexadecimal UUID string')
ValueError: badly formed hexadecimal UUID string
